[2013-03-17 08:55:19] START
[2013-03-24 12:17:06] EDIT resume1/models/db.py: 1
[2013-03-24 12:19:01] EDIT resume1/controllers/default.py: 1
[2013-03-24 12:20:28] EDIT resume1/models/db.py: 0
[2013-03-27 21:37:33] EDIT Resume1/views/default/index.html: -13
[2013-03-27 21:38:41] EDIT Resume1/views/default/index.html: 13
[2013-03-27 21:41:19] EDIT Resume1/views/default/index.html: 2
[2013-03-27 21:41:45] EDIT Resume1/views/default/index.html: 0
[2013-03-27 21:41:59] EDIT Resume1/views/default/index.html: 0
[2013-03-27 21:42:59] EDIT Resume1/views/default/index.html: 1
[2013-03-27 21:44:06] EDIT Resume1/views/default/index.html: 1
[2013-03-27 21:50:53] EDIT Resume1/views/layout.html: 0
[2013-03-27 21:52:25] EDIT Resume1/views/layout.html: 0
[2013-03-27 21:53:50] EDIT Resume1/views/layout.html: 0
[2013-03-27 21:54:46] EDIT Resume1/views/layout.html: 0
[2013-03-27 21:55:00] EDIT Resume1/views/layout.html: 0
[2013-03-27 21:58:27] EDIT Resume1/views/layout.html: 0
[2013-03-27 22:00:03] EDIT Resume1/views/layout.html: 0
[2013-03-27 22:01:45] EDIT Resume1/views/layout.html: 0
[2013-03-27 22:07:40] EDIT Resume1/views/layout.html: 1
[2013-03-27 22:07:49] EDIT Resume1/views/layout.html: 0
[2013-03-27 22:07:58] EDIT Resume1/views/layout.html: 0
[2013-03-27 22:11:06] EDIT Resume1/views/layout.html: 0
[2013-03-27 22:13:05] EDIT Resume1/views/layout.html: 0
[2013-03-27 22:13:14] EDIT Resume1/views/layout.html: 0
[2013-03-27 22:15:15] EDIT Resume1/views/default/index.html: 1
[2013-03-27 22:15:45] EDIT Resume1/views/default/index.html: -1
[2013-03-27 22:16:18] EDIT Resume1/views/layout.html: -1
[2013-03-27 22:21:52] EDIT Resume1/models/db.py: 4
[2013-03-27 22:33:09] EDIT Resume1/models/db.py: 0
[2013-03-27 22:39:32] EDIT Resume1/controllers/default.py: 7
[2013-03-27 22:42:18] EDIT Resume1/views/default/index.html: 3
[2013-03-27 22:43:33] EDIT Resume1/models/db.py: 0
[2013-03-27 22:46:12] EDIT Resume1/controllers/default.py: 0
[2013-03-27 22:47:05] EDIT Resume1/models/db.py: 0
[2013-03-27 22:48:32] EDIT Resume1/models/db.py: 0
[2013-03-27 22:50:57] EDIT Resume1/controllers/default.py: 1
[2013-03-27 22:51:50] EDIT Resume1/models/db.py: 0
[2013-03-27 22:52:05] EDIT Resume1/models/db.py: 0
[2013-03-27 23:03:18] EDIT Resume1/controllers/default.py: 9
[2013-03-27 23:06:46] EDIT Resume1/controllers/default.py: 0
[2013-03-27 23:17:15] EDIT Resume1/controllers/default.py: 1
[2013-03-27 23:18:57] EDIT Resume1/controllers/default.py: -1
[2013-03-27 23:20:07] EDIT Resume1/controllers/default.py: 2
[2013-03-27 23:35:47] EDIT Resume1/models/db.py: 0
[2013-03-27 23:36:26] EDIT Resume1/models/db.py: 0
[2013-03-27 23:36:57] EDIT Resume1/models/db.py: 0
[2013-03-27 23:42:12] EDIT Resume1/controllers/default.py: 0
[2013-03-27 23:42:47] EDIT Resume1/views/default/index.html: 0
[2013-03-28 21:57:02] EDIT Resume1/controllers/default.py: 0
[2013-03-28 21:58:38] EDIT Resume1/controllers/default.py: 2
[2013-03-28 21:58:48] EDIT Resume1/controllers/default.py: 0
[2013-03-28 22:04:30] EDIT Resume1/controllers/default.py: 2
[2013-03-28 22:04:48] EDIT Resume1/controllers/default.py: 0
[2013-03-29 18:52:12] EDIT Resume1/controllers/default.py: 0
[2013-03-29 18:54:41] EDIT Resume1/controllers/default.py: 0
[2013-03-29 19:31:57] EDIT Resume1/controllers/default.py: 2
[2013-03-29 19:33:54] EDIT Resume1/controllers/default.py: 2
[2013-03-29 19:34:26] EDIT Resume1/controllers/default.py: 0
[2013-03-29 19:35:51] EDIT Resume1/controllers/default.py: 0
[2013-03-29 19:36:10] EDIT Resume1/controllers/default.py: 0
[2013-03-29 19:43:26] EDIT Resume1/controllers/default.py: 0
[2013-03-29 19:43:48] EDIT Resume1/controllers/default.py: 0
[2013-03-29 19:44:20] EDIT Resume1/controllers/default.py: 0
[2013-03-29 19:46:40] EDIT Resume1/controllers/default.py: 1
[2013-03-29 19:47:36] EDIT Resume1/controllers/default.py: 0
[2013-03-29 19:48:51] EDIT Resume1/controllers/default.py: 0
[2013-03-29 19:49:09] EDIT Resume1/controllers/default.py: 0
[2013-03-29 19:49:37] EDIT Resume1/controllers/default.py: 0
[2013-03-29 19:50:56] EDIT Resume1/controllers/default.py: -1
[2013-03-29 19:51:19] EDIT Resume1/controllers/default.py: 0
[2013-03-29 19:51:54] EDIT Resume1/controllers/default.py: 0
[2013-03-29 19:54:09] EDIT Resume1/controllers/default.py: -1
[2013-03-29 19:58:36] EDIT Resume1/controllers/default.py: 0
[2013-03-29 20:01:38] EDIT Resume1/controllers/default.py: 0
[2013-03-29 20:01:55] EDIT Resume1/controllers/default.py: 0
[2013-03-29 20:04:56] EDIT Resume1/controllers/default.py: 0
[2013-03-29 20:06:09] EDIT Resume1/controllers/default.py: 0
[2013-03-29 20:16:09] EDIT Resume1/controllers/default.py: 1
[2013-03-31 18:25:06] EDIT Resume1/controllers/default.py: 0
[2013-03-31 18:30:32] EDIT Resume1/models/db.py: 0
[2013-03-31 18:33:22] EDIT Resume1/controllers/default.py: 2
[2013-03-31 18:33:57] EDIT Resume1/controllers/default.py: 1
[2013-03-31 18:36:54] EDIT Resume1/controllers/default.py: 0
[2013-03-31 18:38:27] EDIT Resume1/models/db.py: 1
[2013-03-31 18:38:35] EDIT Resume1/models/db.py: 0
[2013-03-31 18:39:06] EDIT Resume1/controllers/default.py: 1
[2013-03-31 18:39:56] EDIT Resume1/controllers/default.py: 0
[2013-03-31 18:48:21] EDIT Resume1/controllers/default.py: 2
[2013-03-31 18:48:23] EDIT Resume1/models/db.py: 0
[2013-03-31 18:48:27] EDIT Resume1/controllers/default.py: 0
[2013-03-31 18:48:56] EDIT Resume1/controllers/default.py: 0
[2013-03-31 18:50:21] EDIT Resume1/controllers/default.py: 0
[2013-03-31 19:15:35] EDIT Resume1/controllers/default.py: 0
[2013-04-01 19:20:46] EDIT Resume1/models/db.py: 3
[2013-04-01 20:56:02] EDIT Resume1/models/db.py: 3
[2013-04-01 21:55:26] EDIT Resume1/views/default/index.html: 10
[2013-04-01 21:56:29] EDIT Resume1/controllers/default.py: 1
[2013-04-01 21:59:27] EDIT Resume1/views/default/index.html: 0
[2013-04-01 22:04:21] EDIT Resume1/views/default/index.html: 3
[2013-04-01 22:05:05] EDIT Resume1/views/default/index.html: -2
[2013-04-01 22:09:25] EDIT Resume1/views/default/index.html: 0
[2013-04-01 22:09:50] EDIT Resume1/views/default/index.html: 0
[2013-04-01 22:10:33] EDIT Resume1/views/default/index.html: 3
[2013-04-01 22:10:41] EDIT Resume1/views/default/index.html: 0
[2013-04-01 22:11:32] EDIT Resume1/views/default/index.html: 0
[2013-04-01 22:11:51] EDIT Resume1/views/default/index.html: 0
[2013-04-01 22:12:40] EDIT Resume1/views/default/index.html: 0
[2013-04-01 22:13:30] EDIT Resume1/views/default/index.html: 0
[2013-04-01 22:14:38] EDIT Resume1/views/default/index.html: 12
[2013-04-01 22:19:48] EDIT Resume1/views/default/index.html: 8
[2013-04-01 22:20:31] EDIT Resume1/views/default/index.html: -4
[2013-04-01 22:21:01] EDIT Resume1/views/default/index.html: 0
[2013-04-01 22:21:54] EDIT Resume1/views/default/index.html: -4
[2013-04-01 22:22:17] EDIT Resume1/views/default/index.html: -12
[2013-04-01 22:22:32] EDIT Resume1/controllers/default.py: 0
[2013-04-01 22:23:02] EDIT Resume1/views/default/index.html: 4
[2013-04-01 22:23:52] EDIT Resume1/views/default/index.html: 12
[2013-04-01 22:24:21] EDIT Resume1/views/default/index.html: 0
[2013-04-01 22:25:06] EDIT Resume1/views/default/index.html: 5
[2013-04-01 22:28:27] EDIT Resume1/views/default/index.html: 8
[2013-04-01 22:29:57] EDIT Resume1/views/default/index.html: 0
[2013-04-01 22:30:04] EDIT Resume1/views/default/index.html: 0
[2013-04-01 22:30:10] EDIT Resume1/views/default/index.html: 0
[2013-04-01 22:30:12] EDIT Resume1/views/default/index.html: 0
[2013-04-01 22:30:46] EDIT Resume1/views/default/index.html: 0
[2013-04-01 22:31:08] EDIT Resume1/views/default/index.html: 0
[2013-04-01 22:31:42] EDIT Resume1/views/default/index.html: 0
[2013-04-01 22:32:32] EDIT Resume1/views/default/index.html: 0
[2013-04-01 22:32:55] EDIT Resume1/views/default/index.html: 0
[2013-04-01 22:33:03] EDIT Resume1/views/default/index.html: 0
[2013-04-01 22:33:14] EDIT Resume1/views/default/index.html: 0
[2013-04-01 22:33:47] EDIT Resume1/views/default/index.html: 0
[2013-04-01 22:35:49] EDIT Resume1/views/default/index.html: 0
[2013-04-01 22:38:13] EDIT Resume1/views/default/index.html: 0
[2013-04-01 22:39:21] EDIT Resume1/views/default/index.html: 0
[2013-04-01 22:40:37] EDIT Resume1/views/default/index.html: 0
[2013-04-01 22:40:45] EDIT Resume1/views/default/index.html: 0
[2013-04-01 22:42:49] EDIT Resume1/views/default/index.html: -1
[2013-04-01 22:45:12] EDIT Resume1/views/default/index.html: 0
[2013-04-01 22:45:23] EDIT Resume1/views/default/index.html: 0
[2013-04-01 22:45:37] EDIT Resume1/views/default/index.html: 0
[2013-04-01 22:46:46] EDIT Resume1/views/default/index.html: 0
[2013-04-01 22:47:10] EDIT Resume1/views/default/index.html: 0
[2013-04-01 22:48:30] EDIT Resume1/views/default/index.html: 0
[2013-04-01 22:51:07] EDIT Resume1/views/default/index.html: 0
[2013-04-01 22:51:34] EDIT Resume1/views/default/index.html: 0
[2013-04-01 22:51:54] EDIT Resume1/views/default/index.html: 0
[2013-04-01 22:52:55] EDIT Resume1/views/default/index.html: 0
[2013-04-01 22:53:39] EDIT Resume1/views/default/index.html: 0
[2013-04-01 22:54:27] EDIT Resume1/views/default/index.html: 0
[2013-04-01 22:55:28] EDIT Resume1/views/default/index.html: 0
[2013-04-01 22:56:10] EDIT Resume1/views/default/index.html: 0
[2013-04-01 22:56:46] EDIT Resume1/views/default/index.html: 0
[2013-04-01 22:57:39] EDIT Resume1/views/default/index.html: 0
[2013-04-01 22:58:19] EDIT Resume1/views/default/index.html: 0
[2013-04-01 22:59:50] EDIT Resume1/views/default/index.html: 0
[2013-04-01 23:00:18] EDIT Resume1/views/default/index.html: 0
[2013-04-01 23:02:23] EDIT Resume1/views/default/index.html: 0
[2013-04-01 23:03:05] EDIT Resume1/views/default/index.html: 0
[2013-04-01 23:03:51] EDIT Resume1/views/default/index.html: 0
[2013-04-01 23:04:23] EDIT Resume1/views/default/index.html: 0
[2013-04-01 23:04:29] EDIT Resume1/views/default/index.html: 0
[2013-04-01 23:04:48] EDIT Resume1/views/default/index.html: 0
[2013-04-01 23:05:00] EDIT Resume1/views/default/index.html: 0
[2013-04-01 23:05:10] EDIT Resume1/views/default/index.html: 0
[2013-04-01 23:05:35] EDIT Resume1/views/default/index.html: 0
[2013-04-01 23:06:04] EDIT Resume1/views/default/index.html: 0
[2013-04-01 23:08:37] EDIT Resume1/views/default/index.html: 5
[2013-04-01 23:09:24] EDIT Resume1/views/default/index.html: -1
[2013-04-01 23:10:03] EDIT Resume1/views/default/index.html: 0
[2013-04-01 23:11:37] EDIT Resume1/views/default/index.html: 0
[2013-04-01 23:11:52] EDIT Resume1/views/default/index.html: 0
[2013-04-01 23:21:23] EDIT Resume1/views/default/index.html: 0
[2013-04-01 23:22:23] EDIT Resume1/views/default/index.html: 0
[2013-04-01 23:27:23] EDIT Resume1/views/default/index.html: 0
[2013-04-01 23:28:27] EDIT Resume1/views/default/index.html: 0
[2013-04-01 23:29:25] EDIT Resume1/views/default/index.html: 0
[2013-04-01 23:29:52] EDIT Resume1/views/default/index.html: 1
[2013-04-01 23:30:03] EDIT Resume1/views/default/index.html: 0
[2013-04-01 23:30:26] EDIT Resume1/views/default/index.html: 0
[2013-04-01 23:31:13] EDIT Resume1/views/default/index.html: 0
[2013-04-01 23:31:25] EDIT Resume1/views/default/index.html: 0
[2013-04-01 23:31:51] EDIT Resume1/views/default/index.html: -1
[2013-04-01 23:32:00] EDIT Resume1/views/default/index.html: 0
[2013-04-01 23:32:09] EDIT Resume1/views/default/index.html: 0
[2013-04-01 23:32:20] EDIT Resume1/views/default/index.html: 0
[2013-04-01 23:32:57] EDIT Resume1/views/default/index.html: 0
[2013-04-01 23:33:15] EDIT Resume1/views/default/index.html: 0
[2013-04-01 23:33:17] EDIT Resume1/views/default/index.html: 0
[2013-04-01 23:33:30] EDIT Resume1/views/default/index.html: 0
[2013-04-01 23:33:39] EDIT Resume1/views/default/index.html: 0
[2013-04-01 23:33:48] EDIT Resume1/views/default/index.html: 0
[2013-04-01 23:33:59] EDIT Resume1/views/default/index.html: 0
[2013-04-01 23:34:07] EDIT Resume1/views/default/index.html: 0
[2013-04-01 23:34:15] EDIT Resume1/views/default/index.html: 0
[2013-04-01 23:35:41] EDIT Resume1/views/default/index.html: 0
[2013-04-01 23:35:48] EDIT Resume1/views/default/index.html: 0
[2013-04-01 23:36:38] EDIT Resume1/views/default/index.html: 0
[2013-04-01 23:37:00] EDIT Resume1/views/default/index.html: 0
[2013-04-01 23:37:18] EDIT Resume1/views/default/index.html: 0
[2013-04-01 23:37:28] EDIT Resume1/views/default/index.html: 0
[2013-04-01 23:37:51] EDIT Resume1/views/default/index.html: 0
[2013-04-01 23:38:06] EDIT Resume1/views/default/index.html: 0
[2013-04-01 23:39:26] EDIT Resume1/views/layout.html: 0
[2013-04-01 23:40:03] EDIT Resume1/views/layout.html: 0
[2013-04-01 23:40:31] EDIT Resume1/views/layout.html: 0
[2013-04-01 23:43:34] EDIT Resume1/views/layout.html: 0
[2013-04-01 23:44:35] EDIT Resume1/views/layout.html: 0
[2013-04-01 23:45:48] EDIT Resume1/views/layout.html: 0
[2013-04-01 23:46:17] EDIT Resume1/views/layout.html: 0
[2013-04-01 23:46:35] EDIT Resume1/views/layout.html: 0
[2013-04-01 23:46:58] EDIT Resume1/views/layout.html: 0
[2013-04-01 23:47:32] EDIT Resume1/views/layout.html: 0
[2013-04-01 23:48:15] EDIT Resume1/views/layout.html: 0
[2013-04-01 23:48:44] EDIT Resume1/views/layout.html: 0
[2013-04-01 23:50:14] EDIT Resume1/views/layout.html: 0
[2013-04-01 23:50:44] EDIT Resume1/views/layout.html: 0
[2013-04-01 23:51:42] EDIT Resume1/views/layout.html: 0
[2013-04-02 08:38:39] EDIT Resume1/models/db.py: 2
[2013-04-02 08:39:21] EDIT Resume1/models/db.py: 0
[2013-04-02 08:39:45] EDIT Resume1/models/db.py: 0
[2013-04-02 08:46:37] EDIT Resume1/controllers/default.py: 0
[2013-04-02 08:46:59] EDIT Resume1/controllers/default.py: -1
[2013-04-02 08:47:25] EDIT Resume1/controllers/default.py: 8
[2013-04-02 09:01:29] EDIT Resume1/controllers/default.py: 0
[2013-04-02 09:04:33] EDIT Resume1/controllers/default.py: 1
[2013-04-02 09:06:06] EDIT Resume1/views/default/index.html: 2
[2013-04-02 09:06:24] EDIT Resume1/views/default/index.html: 0
[2013-04-02 09:06:56] EDIT Resume1/views/default/index.html: 0
[2013-04-02 09:07:55] EDIT Resume1/views/default/index.html: 0
[2013-04-02 09:08:03] EDIT Resume1/views/default/index.html: 0
[2013-04-02 09:09:32] EDIT Resume1/views/default/index.html: -2
[2013-04-02 09:10:55] EDIT Resume1/views/default/index.html: 0
[2013-04-02 09:11:13] EDIT Resume1/views/default/index.html: 0
[2013-04-02 09:11:58] EDIT Resume1/views/default/index.html: 0
[2013-04-02 09:12:29] EDIT Resume1/views/default/index.html: 0
[2013-04-02 09:12:50] EDIT Resume1/views/default/index.html: 0
[2013-04-02 10:50:48] EDIT Resume1/controllers/default.py: 0
[2013-04-02 10:57:43] EDIT Resume1/controllers/default.py: 1
[2013-04-02 10:58:12] EDIT Resume1/controllers/default.py: 0
[2013-04-02 11:07:32] EDIT Resume1/controllers/default.py: 1
[2013-04-02 11:10:09] EDIT Resume1/controllers/default.py: 1
[2013-04-02 11:10:15] EDIT Resume1/controllers/default.py: -1
[2013-04-02 11:16:38] EDIT Resume1/controllers/default.py: 3
[2013-04-02 11:16:55] EDIT Resume1/controllers/default.py: 0
[2013-04-02 11:17:09] EDIT Resume1/controllers/default.py: 0
[2013-04-02 11:21:47] EDIT Resume1/controllers/default.py: 0
[2013-04-02 11:22:23] EDIT Resume1/controllers/default.py: 0
[2013-04-02 11:23:15] EDIT Resume1/controllers/default.py: 0
[2013-04-02 13:16:46] EDIT Resume1/controllers/default.py: 3
[2013-04-02 13:16:58] EDIT Resume1/controllers/default.py: 0
[2013-04-02 13:18:08] EDIT Resume1/controllers/default.py: 0
[2013-04-02 13:18:57] EDIT Resume1/controllers/default.py: 0
[2013-04-02 13:23:03] EDIT Resume1/controllers/default.py: 0
[2013-04-02 13:38:57] EDIT Resume1/controllers/default.py: 0
[2013-04-02 13:39:22] EDIT Resume1/controllers/default.py: 2
[2013-04-02 16:17:44] EDIT Resume1/controllers/default.py: 0
[2013-04-02 16:18:22] EDIT Resume1/controllers/default.py: 0
[2013-04-02 16:26:19] EDIT Resume1/controllers/default.py: 0
[2013-04-02 16:28:33] EDIT Resume1/controllers/default.py: 0
[2013-04-02 16:29:44] EDIT Resume1/controllers/default.py: 0
[2013-04-02 16:30:33] EDIT Resume1/controllers/default.py: 0
[2013-04-02 16:30:51] EDIT Resume1/controllers/default.py: 0
[2013-04-02 16:32:26] EDIT Resume1/controllers/default.py: 0
[2013-04-02 16:32:47] EDIT Resume1/controllers/default.py: 0
[2013-04-02 17:01:53] EDIT Resume1/models/db.py: 4
[2013-04-02 17:18:54] EDIT Resume1/models/db.py: 6
[2013-04-02 17:25:44] EDIT Resume1/models/db.py: 0
[2013-04-02 17:25:53] EDIT Resume1/models/db.py: 0
[2013-04-02 17:32:12] EDIT Resume1/models/db.py: 0
[2013-04-04 19:11:44] EDIT Resume1/controllers/default.py: 2
[2013-04-04 19:12:39] EDIT Resume1/controllers/default.py: 7
[2013-04-04 19:13:10] EDIT Resume1/controllers/default.py: 1
[2013-04-04 19:13:23] EDIT Resume1/controllers/default.py: -3
[2013-04-04 19:13:58] EDIT Resume1/controllers/default.py: 0
[2013-04-04 19:14:22] EDIT Resume1/controllers/default.py: 0
[2013-04-04 19:16:01] EDIT Resume1/controllers/default.py: 0
[2013-04-04 19:19:01] EDIT Resume1/views/layout.html: 0
[2013-04-04 19:20:55] EDIT Resume1/models/menu.py: -1
[2013-04-04 19:21:21] EDIT Resume1/models/menu.py: 0
[2013-04-04 19:30:47] EDIT Resume1/controllers/default.py: 1
[2013-04-04 19:30:59] EDIT Resume1/controllers/default.py: 0
[2013-04-04 19:31:25] EDIT Resume1/controllers/default.py: -1
[2013-04-04 20:15:50] EDIT Resume1/models/menu.py: 0
[2013-04-04 20:16:37] EDIT Resume1/models/menu.py: 0
[2013-04-04 20:17:07] EDIT Resume1/models/menu.py: 0
[2013-04-04 20:17:11] EDIT Resume1/models/menu.py: 0
[2013-04-04 20:17:56] EDIT Resume1/models/menu.py: 0
[2013-04-04 20:18:29] EDIT Resume1/models/menu.py: 0
[2013-04-04 20:19:33] EDIT Resume1/models/menu.py: 0
[2013-04-04 20:20:01] EDIT Resume1/models/menu.py: 0
[2013-04-04 20:22:35] EDIT Resume1/models/menu.py: 0
[2013-04-04 20:24:38] EDIT Resume1/models/menu.py: 0
[2013-04-04 20:24:48] EDIT Resume1/models/menu.py: 0
[2013-04-04 20:25:30] EDIT Resume1/models/menu.py: 0
[2013-04-04 20:26:06] EDIT Resume1/models/menu.py: 0
[2013-04-04 20:26:19] EDIT Resume1/models/menu.py: 0
[2013-04-04 20:26:28] EDIT Resume1/models/menu.py: 0
[2013-04-04 20:27:00] EDIT Resume1/models/menu.py: 0
[2013-04-04 20:27:38] EDIT Resume1/models/menu.py: 0
[2013-04-04 20:27:43] EDIT Resume1/models/menu.py: 0
[2013-04-04 20:27:55] EDIT Resume1/models/menu.py: 0
[2013-04-04 20:28:05] EDIT Resume1/models/menu.py: 0
[2013-04-04 20:28:48] EDIT Resume1/models/menu.py: 0
[2013-04-04 20:29:06] EDIT Resume1/models/menu.py: 0
[2013-04-04 20:34:21] EDIT Resume1/views/default/user.html: 0
[2013-04-04 20:36:06] EDIT Resume1/models/menu.py: 0
[2013-04-04 20:36:28] EDIT Resume1/models/menu.py: 0
[2013-04-04 22:01:59] EDIT Resume1/models/menu.py: 0
[2013-04-04 22:02:53] EDIT Resume1/models/menu.py: -93
[2013-04-04 22:03:01] EDIT Resume1/models/menu.py: 0
[2013-04-04 22:03:10] EDIT Resume1/models/menu.py: 0
[2013-04-04 22:05:23] EDIT Resume1/models/menu.py: 2
[2013-04-04 22:06:57] EDIT Resume1/views/default/index.html: 1
[2013-04-04 22:07:27] EDIT Resume1/views/default/index1.html: 1
[2013-04-04 22:07:35] EDIT Resume1/views/default/index1.html: 0
[2013-04-04 22:07:44] EDIT Resume1/views/default/index2.html: 0
[2013-04-04 22:10:49] EDIT Resume1/views/default/index2.html: -26
[2013-04-04 22:11:30] EDIT Resume1/views/default/index1.html: -26
[2013-04-04 22:12:26] EDIT Resume1/views/default/index.html: -26
[2013-04-04 22:13:25] EDIT Resume1/views/default/index.html: 1
[2013-04-04 22:13:52] EDIT Resume1/views/default/index.html: 0
[2013-04-04 22:14:17] EDIT Resume1/views/default/index.html: 0
[2013-04-04 22:14:49] EDIT Resume1/views/default/index.html: 2
[2013-04-04 22:15:03] EDIT Resume1/views/default/index.html: -1
[2013-04-04 22:15:31] EDIT Resume1/views/default/index.html: -1
[2013-04-04 22:15:59] EDIT Resume1/views/default/index.html: 1
[2013-04-04 22:16:26] EDIT Resume1/views/default/index.html: -1
[2013-04-04 22:16:40] EDIT Resume1/views/default/index.html: 0
[2013-04-04 22:21:49] EDIT Resume1/views/layout.html: 0
[2013-04-04 22:22:06] EDIT Resume1/views/layout.html: 0
[2013-04-04 22:23:04] EDIT Resume1/controllers/default.py: 1
[2013-04-04 22:24:01] EDIT Resume1/views/default/index1.html: 1
[2013-04-04 22:24:23] EDIT Resume1/views/default/index2.html: 1
[2013-04-04 22:24:48] EDIT Resume1/controllers/default.py: 0
[2013-04-04 22:25:27] EDIT Resume1/controllers/default.py: 1
[2013-04-04 22:26:03] EDIT Resume1/controllers/default.py: 1
[2013-04-04 22:26:36] EDIT Resume1/controllers/default.py: 3
[2013-04-04 22:26:45] EDIT Resume1/controllers/default.py: 1
[2013-04-04 22:27:44] EDIT Resume1/models/menu.py: 1
[2013-04-04 22:35:30] EDIT Resume1/models/menu.py: 1
[2013-04-04 22:36:14] EDIT Resume1/models/menu.py: 1
[2013-04-04 22:37:09] EDIT Resume1/models/menu.py: 8
[2013-04-04 22:37:27] EDIT Resume1/models/menu.py: -1
[2013-04-04 22:37:48] EDIT Resume1/models/menu.py: 0
[2013-04-04 22:38:24] EDIT Resume1/models/menu.py: -1
[2013-04-04 22:38:34] EDIT Resume1/models/menu.py: 0
[2013-04-04 22:40:13] EDIT Resume1/controllers/default.py: -1
[2013-04-04 22:41:52] EDIT Resume1/models/menu.py: 0
[2013-04-04 22:44:43] EDIT Resume1/models/menu.py: 2
[2013-04-04 22:44:52] EDIT Resume1/models/menu.py: 0
[2013-04-04 22:45:22] EDIT Resume1/models/menu.py: 0
[2013-04-04 22:45:32] EDIT Resume1/models/menu.py: 0
[2013-04-04 22:49:55] EDIT Resume1/models/db.py: 1
[2013-04-04 22:50:34] EDIT Resume1/controllers/default.py: 8
[2013-04-04 22:51:15] EDIT Resume1/models/db.py: 0
[2013-04-04 22:51:50] EDIT Resume1/controllers/default.py: 2
[2013-04-04 22:56:55] EDIT Resume1/controllers/default.py: 4
[2013-04-04 22:57:13] EDIT Resume1/controllers/default.py: 0
[2013-04-04 22:58:12] EDIT Resume1/controllers/default.py: 0
[2013-04-04 22:58:51] EDIT Resume1/controllers/default.py: 0
[2013-04-04 22:59:30] EDIT Resume1/controllers/default.py: 0
[2013-04-04 22:59:40] EDIT Resume1/controllers/default.py: 0
[2013-04-04 23:00:07] EDIT Resume1/controllers/default.py: 0
[2013-04-04 23:00:32] EDIT Resume1/controllers/default.py: -1
[2013-04-04 23:02:06] EDIT Resume1/controllers/default.py: 0
[2013-04-04 23:02:33] EDIT Resume1/controllers/default.py: 0
[2013-04-04 23:02:58] EDIT Resume1/controllers/default.py: 0
[2013-04-04 23:04:05] EDIT Resume1/controllers/default.py: 0
[2013-04-04 23:07:43] EDIT Resume1/controllers/default.py: 0
[2013-04-04 23:07:52] EDIT Resume1/controllers/default.py: 0
[2013-04-04 23:07:59] EDIT Resume1/controllers/default.py: 0
[2013-04-04 23:08:11] EDIT Resume1/controllers/default.py: 0
[2013-04-04 23:08:32] EDIT Resume1/controllers/default.py: 0
[2013-04-04 23:08:48] EDIT Resume1/controllers/default.py: 0
[2013-04-04 23:09:49] EDIT Resume1/controllers/default.py: 0
[2013-04-04 23:12:05] EDIT Resume1/controllers/default.py: 0
[2013-04-04 23:15:49] EDIT Resume1/controllers/default.py: 14
[2013-04-04 23:16:02] EDIT Resume1/models/menu.py: 0
[2013-04-04 23:16:15] EDIT Resume1/models/menu.py: 0
[2013-04-04 23:19:17] EDIT Resume1/controllers/default.py: 2
[2013-04-04 23:21:57] EDIT Resume1/models/db.py: 1
[2013-04-04 23:22:19] EDIT Resume1/controllers/default.py: 10
[2013-04-04 23:23:14] EDIT Resume1/models/menu.py: 1
[2013-04-04 23:23:35] EDIT Resume1/models/menu.py: 0
[2013-04-04 23:24:27] EDIT Resume1/controllers/default.py: 0
[2013-04-04 23:25:39] EDIT Resume1/controllers/default.py: 0
[2013-04-04 23:28:12] EDIT Resume1/models/menu.py: -1
[2013-04-05 01:42:26] EDIT Resume1/models/menu.py: 0
[2013-04-05 08:41:57] EDIT Resume1/models/menu.py: 1
[2013-04-05 08:56:46] EDIT Resume1/controllers/default.py: 5
[2013-04-05 08:57:35] EDIT Resume1/controllers/default.py: 0
[2013-04-05 08:57:49] EDIT Resume1/controllers/default.py: 0
[2013-04-05 09:00:36] EDIT Resume1/controllers/default.py: 0
[2013-04-05 09:02:14] EDIT Resume1/controllers/default.py: 0
[2013-04-05 09:02:20] EDIT Resume1/controllers/default.py: 0
[2013-04-05 09:02:55] EDIT Resume1/controllers/default.py: 0
[2013-04-05 09:03:44] EDIT Resume1/controllers/default.py: 0
[2013-04-05 09:03:57] EDIT Resume1/controllers/default.py: 0
[2013-04-05 09:04:03] EDIT Resume1/controllers/default.py: 0
[2013-04-05 09:06:11] EDIT Resume1/controllers/default.py: 0
[2013-04-05 09:11:00] EDIT Resume1/controllers/default.py: 0
[2013-04-05 09:11:18] EDIT Resume1/controllers/default.py: 0
[2013-04-05 12:10:58] EDIT Resume1/models/db.py: 0
[2013-04-05 12:11:06] EDIT Resume1/controllers/default.py: 1
[2013-04-05 12:11:42] EDIT Resume1/controllers/default.py: 0
[2013-04-05 12:12:13] EDIT Resume1/controllers/default.py: 0
[2013-04-05 12:12:16] EDIT Resume1/controllers/default.py: 0
[2013-04-05 12:13:02] EDIT Resume1/controllers/default.py: 0
[2013-04-05 12:13:26] EDIT Resume1/controllers/default.py: 0
[2013-04-05 12:13:35] EDIT Resume1/controllers/default.py: 0
[2013-04-05 12:14:38] EDIT Resume1/controllers/default.py: 0
[2013-04-05 12:15:07] EDIT Resume1/controllers/default.py: 0
[2013-04-05 12:15:09] EDIT Resume1/controllers/default.py: 0
[2013-04-05 12:15:15] EDIT Resume1/controllers/default.py: 0
[2013-04-05 12:16:17] EDIT Resume1/controllers/default.py: 0
[2013-04-05 12:16:34] EDIT Resume1/controllers/default.py: 0
[2013-04-05 12:16:36] EDIT Resume1/controllers/default.py: 0
[2013-04-05 12:17:05] EDIT Resume1/controllers/default.py: -1
[2013-04-05 12:17:14] EDIT Resume1/models/db.py: 0
[2013-04-05 12:17:48] EDIT Resume1/controllers/default.py: 1
[2013-04-05 12:20:17] EDIT Resume1/models/menu.py: 1
[2013-04-06 08:14:21] EDIT Resume1/controllers/default.py: 0
[2013-04-06 10:53:20] EDIT Resume1/models/menu.py: 1
[2013-04-06 10:59:47] EDIT Resume1/controllers/default.py: 0
[2013-04-06 11:23:58] EDIT Resume1/controllers/default.py: 0
[2013-04-06 11:25:28] EDIT Resume1/controllers/default.py: 0
[2013-04-06 11:27:29] EDIT Resume1/controllers/default.py: 0
[2013-04-06 11:29:22] EDIT Resume1/controllers/default.py: 0
[2013-04-06 11:33:40] EDIT Resume1/controllers/default.py: 1
[2013-04-06 11:35:20] EDIT Resume1/controllers/default.py: 0
[2013-04-06 11:35:32] EDIT Resume1/controllers/default.py: 0
[2013-04-06 11:36:35] EDIT Resume1/controllers/default.py: 0
[2013-04-06 11:38:36] EDIT Resume1/controllers/default.py: 0
[2013-04-06 11:38:52] EDIT Resume1/controllers/default.py: 0
[2013-04-06 11:49:52] EDIT Resume1/controllers/default.py: 0
[2013-04-06 11:54:09] EDIT Resume1/controllers/default.py: 1
[2013-04-06 11:54:15] EDIT Resume1/controllers/default.py: 0
[2013-04-07 14:25:54] EDIT Resume1/models/menu.py: 0
[2013-04-07 22:21:04] EDIT Resume_Builder/controllers/default.py: 9
[2013-04-07 22:24:28] EDIT Resume_Builder/controllers/default.py: 0
[2013-04-07 22:26:57] EDIT Resume_Builder/controllers/default.py: 7
[2013-04-07 22:27:31] EDIT Resume_Builder/controllers/default.py: 0
[2013-04-07 22:27:51] EDIT Resume_Builder/controllers/default.py: -1
[2013-04-07 22:28:25] EDIT Resume_Builder/controllers/default.py: 1
[2013-04-07 22:30:47] EDIT Resume_Builder/controllers/default.py: 0
[2013-04-07 22:31:41] EDIT Resume_Builder/controllers/default.py: 1
[2013-04-07 22:32:19] EDIT Resume_Builder/controllers/default.py: 0
[2013-04-07 22:33:11] EDIT Resume_Builder/controllers/default.py: 1
[2013-04-07 22:33:33] EDIT Resume_Builder/controllers/default.py: 0
[2013-04-07 22:34:00] EDIT Resume_Builder/controllers/default.py: 0
[2013-04-07 22:34:54] EDIT Resume_Builder/controllers/default.py: 0
[2013-04-07 22:37:43] EDIT Resume_Builder/controllers/default.py: 7
[2013-04-07 22:39:01] EDIT Resume_Builder/controllers/default.py: 0
[2013-04-07 22:39:40] EDIT Resume_Builder/controllers/default.py: 0
[2013-04-07 22:40:13] EDIT Resume_Builder/controllers/default.py: 0
[2013-04-07 22:40:26] EDIT Resume_Builder/controllers/default.py: 0
[2013-04-07 22:41:17] EDIT Resume_Builder/controllers/default.py: 0
[2013-04-07 22:41:26] EDIT Resume_Builder/controllers/default.py: 0
[2013-04-07 22:41:55] EDIT Resume_Builder/controllers/default.py: 0
[2013-04-07 22:42:02] EDIT Resume_Builder/controllers/default.py: 0
[2013-04-07 22:42:18] EDIT Resume_Builder/controllers/default.py: 0
[2013-04-07 22:42:57] EDIT Resume_Builder/controllers/default.py: 0
[2013-04-07 22:43:08] EDIT Resume_Builder/controllers/default.py: 0
[2013-04-07 22:44:13] EDIT Resume_Builder/controllers/default.py: -1
[2013-04-07 23:08:21] EDIT Resume_Builder/controllers/default.py: 0
[2013-04-07 23:08:52] EDIT Resume_Builder/controllers/default.py: 0
[2013-04-07 23:13:27] EDIT Resume_Builder/controllers/default.py: 1
[2013-04-07 23:13:51] EDIT Resume_Builder/controllers/default.py: 0
[2013-04-07 23:14:30] EDIT Resume_Builder/controllers/default.py: 1
[2013-04-07 23:14:47] EDIT Resume_Builder/controllers/default.py: 0
[2013-04-07 23:16:27] EDIT Resume_Builder/controllers/default.py: 1
[2013-04-07 23:17:05] EDIT Resume_Builder/controllers/default.py: 0
[2013-04-07 23:18:27] EDIT Resume_Builder/controllers/default.py: -1
[2013-04-07 23:19:23] EDIT Resume_Builder/controllers/default.py: 0
[2013-04-07 23:19:41] EDIT Resume_Builder/controllers/default.py: 0
[2013-04-07 23:19:58] EDIT Resume_Builder/controllers/default.py: 0
[2013-04-07 23:20:28] EDIT Resume_Builder/controllers/default.py: 0
[2013-04-07 23:20:49] EDIT Resume_Builder/controllers/default.py: 0
[2013-04-07 23:21:17] EDIT Resume_Builder/controllers/default.py: 1
[2013-04-07 23:21:35] EDIT Resume_Builder/controllers/default.py: 0
[2013-04-07 23:22:10] EDIT Resume_Builder/controllers/default.py: 0
[2013-04-07 23:22:34] EDIT Resume_Builder/controllers/default.py: 0
[2013-04-07 23:23:05] EDIT Resume_Builder/controllers/default.py: 0
[2013-04-07 23:23:22] EDIT Resume_Builder/controllers/default.py: 0
[2013-04-07 23:23:40] EDIT Resume_Builder/controllers/default.py: 0
[2013-04-07 23:24:11] EDIT Resume_Builder/controllers/default.py: 0
[2013-04-07 23:24:24] EDIT Resume_Builder/controllers/default.py: 0
[2013-04-07 23:24:34] EDIT Resume_Builder/controllers/default.py: 0
[2013-04-07 23:24:39] EDIT Resume_Builder/controllers/default.py: 0
[2013-04-07 23:25:40] EDIT Resume_Builder/controllers/default.py: 1
[2013-04-07 23:27:15] EDIT Resume_Builder/controllers/default.py: 0
[2013-04-07 23:27:34] EDIT Resume_Builder/controllers/default.py: 0
[2013-04-07 23:27:59] EDIT Resume_Builder/controllers/default.py: 0
[2013-04-07 23:32:55] EDIT Resume_Builder/controllers/default.py: 0
[2013-04-07 23:33:10] EDIT Resume_Builder/controllers/default.py: 0
[2013-04-07 23:34:14] EDIT Resume_Builder/controllers/default.py: 0
[2013-04-07 23:38:34] EDIT Resume_Builder/controllers/default.py: 0
[2013-04-07 23:38:56] EDIT Resume_Builder/controllers/default.py: 0
[2013-04-07 23:39:56] EDIT Resume_Builder/controllers/default.py: 0
[2013-04-07 23:40:10] EDIT Resume_Builder/controllers/default.py: 0
[2013-04-07 23:40:26] EDIT Resume_Builder/controllers/default.py: 0
[2013-04-07 23:44:47] EDIT Resume_Builder/controllers/default.py: 0
[2013-04-07 23:45:18] EDIT Resume_Builder/controllers/default.py: 0
[2013-04-07 23:45:47] EDIT Resume_Builder/controllers/default.py: 0
[2013-04-07 23:45:57] EDIT Resume_Builder/controllers/default.py: 0
[2013-04-07 23:46:08] EDIT Resume_Builder/controllers/default.py: 0
[2013-04-07 23:47:03] EDIT Resume_Builder/controllers/default.py: 0
[2013-04-07 23:47:39] EDIT Resume_Builder/controllers/default.py: 0
[2013-04-07 23:47:50] EDIT Resume_Builder/controllers/default.py: 0
[2013-04-07 23:48:10] EDIT Resume_Builder/controllers/default.py: 0
[2013-04-07 23:48:20] EDIT Resume_Builder/controllers/default.py: 0
[2013-04-07 23:48:30] EDIT Resume_Builder/controllers/default.py: 0
[2013-04-07 23:49:51] EDIT Resume_Builder/controllers/default.py: 0
[2013-04-07 23:50:02] EDIT Resume_Builder/controllers/default.py: 0
[2013-04-07 23:50:32] EDIT Resume_Builder/controllers/default.py: 1
[2013-04-07 23:50:36] EDIT Resume_Builder/controllers/default.py: 0
[2013-04-07 23:51:07] EDIT Resume_Builder/controllers/default.py: 0
[2013-04-07 23:53:49] EDIT Resume_Builder/controllers/default.py: 1
[2013-04-07 23:54:11] EDIT Resume_Builder/controllers/default.py: 0
[2013-04-07 23:54:26] EDIT Resume_Builder/controllers/default.py: 0
[2013-04-07 23:56:10] EDIT Resume_Builder/controllers/default.py: 0
[2013-04-07 23:57:40] EDIT Resume_Builder/controllers/default.py: 4
[2013-04-08 00:11:20] EDIT Resume_Builder/controllers/default.py: 1
[2013-04-08 00:11:48] EDIT Resume_Builder/controllers/default.py: 0
[2013-04-08 00:11:55] EDIT Resume_Builder/controllers/default.py: 0
[2013-04-08 00:12:05] EDIT Resume_Builder/controllers/default.py: 0
[2013-04-08 00:12:51] EDIT Resume_Builder/controllers/default.py: 2
[2013-04-08 00:13:50] EDIT Resume_Builder/controllers/default.py: 0
[2013-04-08 00:14:17] EDIT Resume_Builder/controllers/default.py: 0
[2013-04-08 00:16:05] EDIT Resume_Builder/controllers/default.py: 0
[2013-04-08 00:16:40] EDIT Resume_Builder/controllers/default.py: 0
[2013-04-08 00:19:36] EDIT Resume_Builder/controllers/default.py: 0
[2013-04-08 00:19:48] EDIT Resume_Builder/controllers/default.py: 0
[2013-04-08 00:22:02] EDIT Resume_Builder/controllers/default.py: 3
[2013-04-08 00:26:17] EDIT Resume_Builder/controllers/default.py: 5
[2013-04-08 00:26:45] EDIT Resume_Builder/controllers/default.py: 0
[2013-04-08 00:31:59] EDIT Resume_Builder/controllers/default.py: 0
[2013-04-08 00:32:19] EDIT Resume_Builder/controllers/default.py: 0
[2013-04-08 00:35:15] EDIT Resume_Builder/controllers/default.py: 0
[2013-04-08 00:35:39] EDIT Resume_Builder/controllers/default.py: 3
[2013-04-08 00:37:29] EDIT Resume_Builder/controllers/default.py: 2
[2013-04-08 00:37:44] EDIT Resume_Builder/controllers/default.py: 0
[2013-04-08 00:37:57] EDIT Resume_Builder/controllers/default.py: 0
[2013-04-08 00:38:22] EDIT Resume_Builder/controllers/default.py: -1
[2013-04-08 00:38:43] EDIT Resume_Builder/controllers/default.py: 0
[2013-04-08 00:39:15] EDIT Resume_Builder/controllers/default.py: 0
[2013-04-08 00:41:31] EDIT Resume_Builder/controllers/default.py: 0
[2013-04-08 00:41:42] EDIT Resume_Builder/controllers/default.py: 0
[2013-04-08 00:41:56] EDIT Resume_Builder/controllers/default.py: 0
[2013-04-08 00:44:09] EDIT Resume_Builder/controllers/default.py: 2
[2013-04-08 00:44:29] EDIT Resume_Builder/controllers/default.py: 0
[2013-04-08 00:45:23] EDIT Resume_Builder/controllers/default.py: 0
[2013-04-08 00:45:54] EDIT Resume_Builder/controllers/default.py: 1
[2013-04-08 00:46:45] EDIT Resume_Builder/controllers/default.py: 1
[2013-04-08 01:11:39] EDIT Resume_Builder/controllers/default.py: 0
[2013-04-08 13:03:49] EDIT Resume_Builder/models/db.py: 3
[2013-04-08 13:03:58] EDIT Resume_Builder/models/db.py: 0
[2013-04-08 13:07:57] EDIT Resume_Builder/controllers/default.py: 10
[2013-04-08 13:13:07] EDIT Resume_Builder/controllers/default.py: 0
[2013-04-08 13:15:36] EDIT Resume_Builder/models/menu.py: 1
[2013-04-08 13:16:07] EDIT Resume_Builder/models/menu.py: 0
[2013-04-08 13:21:48] EDIT Resume_Builder/models/db.py: 1
[2013-04-08 13:24:12] EDIT Resume_Builder/models/db.py: 0
[2013-04-08 13:26:10] EDIT Resume_Builder/models/db.py: 0
[2013-04-08 13:27:42] EDIT Resume_Builder/models/db.py: 0
[2013-04-08 13:29:10] EDIT Resume_Builder/models/db.py: 0
[2013-04-08 13:29:21] EDIT Resume_Builder/models/db.py: 0
[2013-04-08 13:38:26] EDIT Resume_Builder/models/db.py: 1
[2013-04-08 13:38:51] EDIT Resume_Builder/models/db.py: 0
[2013-04-08 13:50:41] EDIT Resume_Builder/controllers/default.py: 6
[2013-04-08 13:51:12] EDIT Resume_Builder/controllers/default.py: 0
[2013-04-08 13:51:43] EDIT Resume_Builder/controllers/default.py: 0
[2013-04-13 12:15:49] EDIT Resume_Builder/views/default/index.html: 0
[2013-04-13 12:17:08] EDIT Resume_Builder/controllers/default.py: 1
[2013-04-13 12:17:50] EDIT Resume_Builder/controllers/default.py: 0
[2013-04-13 12:18:27] EDIT Resume_Builder/controllers/default.py: 0
[2013-04-13 12:18:48] EDIT Resume_Builder/controllers/default.py: 0
[2013-04-13 12:18:59] EDIT Resume_Builder/controllers/default.py: 0
[2013-04-13 12:19:06] EDIT Resume_Builder/controllers/default.py: 0
[2013-04-13 12:24:45] EDIT Resume_Builder/controllers/default.py: 5
[2013-04-13 12:24:58] EDIT Resume_Builder/controllers/default.py: 0
[2013-04-13 12:25:41] EDIT Resume_Builder/controllers/default.py: 5
[2013-04-13 12:26:11] EDIT Resume_Builder/controllers/default.py: 0
[2013-04-13 12:26:34] EDIT Resume_Builder/controllers/default.py: 2
[2013-04-13 12:29:08] EDIT Resume_Builder/controllers/default.py: 2
[2013-04-13 12:31:55] EDIT Resume_Builder/controllers/default.py: 0
[2013-04-13 12:32:05] EDIT Resume_Builder/controllers/default.py: 0
[2013-04-13 12:32:15] EDIT Resume_Builder/controllers/default.py: 0
[2013-04-13 12:32:23] EDIT Resume_Builder/controllers/default.py: 0
[2013-04-13 12:32:29] EDIT Resume_Builder/controllers/default.py: 0
[2013-04-13 12:32:42] EDIT Resume_Builder/controllers/default.py: 0
[2013-04-13 12:32:54] EDIT Resume_Builder/controllers/default.py: 0
[2013-04-13 12:33:06] EDIT Resume_Builder/controllers/default.py: 0
[2013-04-13 12:33:48] EDIT Resume_Builder/controllers/default.py: -1
[2013-04-13 12:34:39] EDIT Resume_Builder/controllers/default.py: 1
[2013-04-13 12:34:55] EDIT Resume_Builder/controllers/default.py: 0
[2013-04-13 12:35:10] EDIT Resume_Builder/controllers/default.py: 0
[2013-04-13 12:39:00] EDIT Resume_Builder/controllers/default.py: 1
[2013-04-13 12:40:54] EDIT Resume_Builder/controllers/default.py: 7
[2013-04-13 12:41:28] EDIT Resume_Builder/controllers/default.py: 2
[2013-04-13 12:41:46] EDIT Resume_Builder/controllers/default.py: 0
[2013-04-13 12:42:01] EDIT Resume_Builder/controllers/default.py: 0
[2013-04-13 12:42:14] EDIT Resume_Builder/controllers/default.py: 0
[2013-04-13 12:44:58] EDIT Resume_Builder/controllers/default.py: -2
[2013-04-13 12:46:53] EDIT Resume_Builder/controllers/default.py: 0
[2013-04-13 12:47:19] EDIT Resume_Builder/controllers/default.py: 0
[2013-04-14 11:14:53] EDIT Resume_Builder/views/default/index.html: 0
[2013-04-14 11:15:14] EDIT Resume_Builder/views/layout.html: 0
[2013-04-14 11:15:45] EDIT Resume_Builder/views/layout.html: 0
[2013-04-14 11:16:44] EDIT Resume_Builder/models/db.py: 1
[2013-04-14 11:17:04] EDIT Resume_Builder/models/db.py: 0
[2013-04-14 11:17:20] EDIT Resume_Builder/models/db.py: 0
[2013-04-14 11:18:18] EDIT Resume_Builder/controllers/default.py: 1
[2013-04-14 11:20:19] EDIT Resume_Builder/models/db.py: 0
[2013-04-14 11:20:48] EDIT Resume_Builder/models/db.py: 0
[2013-04-14 11:21:12] EDIT Resume_Builder/controllers/default.py: -1
[2013-04-14 11:21:43] EDIT Resume_Builder/views/layout.html: 0
[2013-04-14 11:22:16] EDIT Resume_Builder/models/db.py: 0
[2013-04-14 11:22:37] EDIT Resume_Builder/models/db.py: 0
[2013-04-14 11:22:53] EDIT Resume_Builder/models/db.py: 0
[2013-04-14 11:23:13] EDIT Resume_Builder/models/db.py: 0
[2013-04-14 11:24:07] EDIT Resume_Builder/models/db.py: 1
[2013-04-14 11:24:20] EDIT Resume_Builder/models/db.py: 0
[2013-04-14 11:24:25] EDIT Resume_Builder/models/db.py: 0
[2013-04-14 11:24:37] EDIT Resume_Builder/models/db.py: 0
[2013-04-14 11:24:40] EDIT Resume_Builder/models/db.py: 0
[2013-04-14 11:25:38] EDIT Resume_Builder/views/default/index1.html: -2
[2013-04-14 11:33:32] EDIT Resume_Builder/controllers/default.py: 0
[2013-04-14 11:45:45] EDIT Resume_Builder/models/db.py: 0
[2013-04-14 11:45:57] EDIT Resume_Builder/models/db.py: 0
[2013-04-14 11:46:57] EDIT Resume_Builder/models/db.py: 0
[2013-04-14 11:47:48] EDIT Resume_Builder/models/db.py: 0
[2013-04-14 11:51:07] EDIT Resume_Builder/controllers/default.py: 4
[2013-04-14 11:52:00] EDIT Resume_Builder/controllers/default.py: 3
[2013-04-14 11:52:04] EDIT Resume_Builder/controllers/default.py: 0
[2013-04-14 11:52:07] EDIT Resume_Builder/controllers/default.py: 0
[2013-04-14 11:52:12] EDIT Resume_Builder/controllers/default.py: 0
[2013-04-14 11:52:39] EDIT Resume_Builder/controllers/default.py: 0
[2013-04-14 12:08:45] EDIT Resume_Builder/views/default/view_msg.html: 5
[2013-04-14 12:08:54] EDIT Resume_Builder/views/default/view_msg.html: 0
[2013-04-14 12:10:19] EDIT Resume_Builder/views/default/view_msg.html: 0
[2013-04-14 12:28:26] EDIT Resume_Builder/views/default/view_msg.html: 0
[2013-04-14 12:28:39] EDIT Resume_Builder/views/default/view_msg.html: 0
[2013-04-14 12:29:41] EDIT Resume_Builder/views/default/view_msg.html: 0
[2013-04-14 12:29:51] EDIT Resume_Builder/views/default/view_msg.html: 0
[2013-04-14 12:30:39] EDIT Resume_Builder/views/default/view_msg.html: 0
[2013-04-14 13:19:33] EDIT Resume_Builder/models/menu.py: -2
[2013-04-14 13:20:05] EDIT Resume_Builder/models/menu.py: -2
[2013-04-14 13:24:08] EDIT Resume_Builder/controllers/default.py: -1
[2013-04-14 13:24:23] EDIT Resume_Builder/controllers/default.py: 1
[2013-04-14 13:28:47] EDIT Resume_Builder/views/default/index.html: -7
[2013-04-14 17:58:48] EDIT Resume_Builder/controllers/default.py: 82
[2013-04-14 17:59:11] EDIT Resume_Builder/controllers/default.py: 0
[2013-04-14 18:00:09] EDIT Resume_Builder/controllers/default.py: 1
[2013-04-14 18:00:23] EDIT Resume_Builder/controllers/default.py: 0
[2013-04-14 18:00:38] EDIT Resume_Builder/controllers/default.py: 0
[2013-04-14 18:00:56] EDIT Resume_Builder/controllers/default.py: 0
[2013-04-14 18:03:27] EDIT Resume_Builder/controllers/default.py: 0
[2013-04-14 18:05:57] EDIT Resume_Builder/controllers/default.py: 7
[2013-04-14 18:06:44] EDIT Resume_Builder/controllers/default.py: 0
[2013-04-14 18:07:45] EDIT Resume_Builder/controllers/default.py: 0
[2013-04-14 18:08:06] EDIT Resume_Builder/controllers/default.py: 0
[2013-04-14 18:15:34] EDIT Resume_Builder/controllers/default.py: -5
[2013-04-14 18:16:06] EDIT Resume_Builder/controllers/default.py: 1
[2013-04-14 18:16:45] EDIT Resume_Builder/controllers/default.py: 1
[2013-04-14 18:17:07] EDIT Resume_Builder/controllers/default.py: 0
[2013-04-14 18:17:23] EDIT Resume_Builder/controllers/default.py: 0
[2013-04-14 18:17:33] EDIT Resume_Builder/controllers/default.py: 0
[2013-04-14 18:17:45] EDIT Resume_Builder/controllers/default.py: 0
[2013-04-14 18:18:36] EDIT Resume_Builder/controllers/default.py: 1
[2013-04-14 18:19:17] EDIT Resume_Builder/controllers/default.py: 1
[2013-04-14 18:19:38] EDIT Resume_Builder/controllers/default.py: 3
[2013-04-14 18:24:55] EDIT Resume_Builder/controllers/default.py: 1
[2013-04-14 18:29:40] EDIT Resume_Builder/controllers/default.py: 4
[2013-04-14 18:31:03] EDIT Resume_Builder/controllers/default.py: 0
[2013-04-14 18:32:13] EDIT Resume_Builder/controllers/default.py: 1
[2013-04-14 18:33:06] EDIT Resume_Builder/controllers/default.py: 0
[2013-04-14 18:33:16] EDIT Resume_Builder/controllers/default.py: 0
[2013-04-14 18:35:18] EDIT Resume_Builder/controllers/default.py: 0
[2013-04-14 18:36:16] EDIT Resume_Builder/controllers/default.py: 1
[2013-04-14 18:38:00] EDIT Resume_Builder/controllers/default.py: 1
[2013-04-14 18:39:00] EDIT Resume_Builder/controllers/default.py: 0
[2013-04-14 20:39:40] CREATE default/pdf.html: 0
[2013-04-14 20:42:20] EDIT Resume_Builder/views/default/pdf.html: 40
[2013-04-14 20:43:26] EDIT Resume_Builder/controllers/default.py: 2
[2013-04-14 20:43:33] EDIT Resume_Builder/controllers/default.py: 0
[2013-04-14 20:45:24] EDIT Resume_Builder/views/default/pdf.html: 2
[2013-04-14 20:47:24] EDIT Resume_Builder/views/default/pdf.html: 1
[2013-04-14 21:30:56] EDIT Resume_Builder/controllers/default.py: 0
[2013-04-14 21:31:26] EDIT Resume_Builder/controllers/default.py: 0
[2013-04-14 21:31:57] EDIT Resume_Builder/controllers/default.py: 0
[2013-04-14 21:32:50] EDIT Resume_Builder/controllers/default.py: 0
[2013-04-14 21:33:47] EDIT Resume_Builder/controllers/default.py: 0
[2013-04-14 21:34:04] EDIT Resume_Builder/controllers/default.py: 0
[2013-04-14 21:34:40] EDIT Resume_Builder/controllers/default.py: 0
[2013-04-14 21:35:03] EDIT Resume_Builder/controllers/default.py: 0
[2013-04-14 21:35:23] EDIT Resume_Builder/controllers/default.py: 0
[2013-04-14 21:35:35] EDIT Resume_Builder/controllers/default.py: 0
[2013-04-14 21:35:55] EDIT Resume_Builder/controllers/default.py: 0
[2013-04-14 21:36:37] EDIT Resume_Builder/controllers/default.py: 0
[2013-04-14 21:37:00] EDIT Resume_Builder/controllers/default.py: 0
[2013-04-14 21:37:26] EDIT Resume_Builder/controllers/default.py: 0
[2013-04-14 21:38:13] EDIT Resume_Builder/controllers/default.py: 0
[2013-04-14 21:38:29] EDIT Resume_Builder/controllers/default.py: 0
[2013-04-14 21:39:15] EDIT Resume_Builder/controllers/default.py: 0
[2013-04-14 21:39:54] EDIT Resume_Builder/controllers/default.py: 0
[2013-04-14 21:40:06] EDIT Resume_Builder/controllers/default.py: 0
[2013-04-14 21:40:12] EDIT Resume_Builder/controllers/default.py: 0
[2013-04-14 21:41:16] EDIT Resume_Builder/controllers/default.py: 0
[2013-04-14 21:42:06] EDIT Resume_Builder/controllers/default.py: -18
[2013-04-14 21:42:55] EDIT Resume_Builder/controllers/default.py: 0
[2013-04-14 21:43:08] EDIT Resume_Builder/controllers/default.py: 0
[2013-04-14 21:43:20] EDIT Resume_Builder/controllers/default.py: 0
[2013-04-14 21:44:23] EDIT Resume_Builder/controllers/default.py: 0
[2013-04-14 21:45:22] EDIT Resume_Builder/controllers/default.py: 0
[2013-04-14 21:45:52] EDIT Resume_Builder/controllers/default.py: 0
[2013-04-14 21:46:07] EDIT Resume_Builder/controllers/default.py: 0
[2013-04-14 21:46:46] EDIT Resume_Builder/controllers/default.py: 0
[2013-04-14 21:48:27] EDIT Resume_Builder/controllers/default.py: 0
[2013-04-14 21:50:26] EDIT Resume_Builder/controllers/default.py: 0
[2013-04-14 21:51:24] EDIT Resume_Builder/controllers/default.py: 0
[2013-04-14 21:53:42] EDIT Resume_Builder/controllers/default.py: 0
[2013-04-14 21:55:35] EDIT Resume_Builder/controllers/default.py: 0
[2013-04-14 22:00:55] EDIT Resume_Builder/views/default/pdf.html: -15
[2013-04-14 22:01:16] EDIT Resume_Builder/views/default/pdf.html: -2
[2013-04-14 22:02:47] EDIT Resume_Builder/views/default/pdf.html: 0
[2013-04-14 22:03:04] EDIT Resume_Builder/views/default/pdf.html: 0
[2013-04-14 22:04:06] EDIT Resume_Builder/views/default/pdf.html: -3
[2013-04-14 22:04:19] EDIT Resume_Builder/views/default/pdf.html: 0
[2013-04-14 22:04:57] EDIT Resume_Builder/views/default/pdf.html: 0
[2013-04-14 22:05:35] EDIT Resume_Builder/views/default/pdf.html: 0
[2013-04-14 23:05:19] EDIT Resume_Builder/views/layout.html: 0
[2013-04-15 00:47:51] EDIT Resume_Builder/models/menu.py: 1
[2013-04-15 00:48:21] EDIT Resume_Builder/models/menu.py: 0
[2013-04-15 00:49:00] EDIT Resume_Builder/models/menu.py: 0
[2013-04-15 00:50:48] EDIT Resume_Builder/controllers/default.py: 0
[2013-04-15 00:53:02] EDIT Resume_Builder/views/default/pdf.html: -1
[2013-04-15 00:54:08] EDIT Resume_Builder/controllers/default.py: 1
[2013-04-15 00:55:07] EDIT Resume_Builder/controllers/default.py: 0
[2013-04-15 00:55:45] EDIT Resume_Builder/controllers/default.py: 0
[2013-04-15 00:56:32] EDIT Resume_Builder/views/default/pdf.html: 1
[2013-04-15 01:09:37] EDIT Resume_Builder/views/default/pdf.html: 1
[2013-04-15 01:09:54] EDIT Resume_Builder/views/default/pdf.html: -2
[2013-04-15 01:10:14] EDIT Resume_Builder/views/default/pdf.html: 0
[2013-04-15 01:10:30] EDIT Resume_Builder/views/default/pdf.html: 0
[2013-04-15 01:12:14] EDIT Resume_Builder/views/default/pdf.html: 0
[2013-04-15 01:13:56] EDIT Resume_Builder/views/layout.html: 0
[2013-04-15 01:16:22] EDIT Resume_Builder/views/layout.html: 0
[2013-04-15 01:17:01] EDIT Resume_Builder/views/layout.html: 0
[2013-04-15 01:17:22] EDIT Resume_Builder/views/layout.html: 0
[2013-04-15 01:18:48] EDIT Resume_Builder/views/layout.html: 0
[2013-04-15 01:20:01] EDIT Resume_Builder/views/default/pdf.html: 0
[2013-04-15 01:20:47] EDIT Resume_Builder/views/default/pdf.html: -2
[2013-04-15 01:21:20] EDIT Resume_Builder/views/default/pdf.html: 0
[2013-04-15 01:21:33] EDIT Resume_Builder/views/default/pdf.html: 0
[2013-04-15 01:22:26] EDIT Resume_Builder/views/default/pdf.html: 0
[2013-04-15 01:22:55] EDIT Resume_Builder/views/default/pdf.html: 0
[2013-04-15 01:23:05] EDIT Resume_Builder/views/default/pdf.html: 0
[2013-04-15 01:23:46] EDIT Resume_Builder/views/default/pdf.html: 0
[2013-04-15 01:24:17] EDIT Resume_Builder/views/default/pdf.html: 0
[2013-04-15 01:24:31] EDIT Resume_Builder/views/default/pdf.html: 0
[2013-04-15 01:25:24] EDIT Resume_Builder/views/default/pdf.html: 0
[2013-04-15 01:25:42] EDIT Resume_Builder/views/default/pdf.html: 0
[2013-04-15 01:26:14] EDIT Resume_Builder/views/default/pdf.html: 0
[2013-04-15 01:27:40] EDIT Resume_Builder/views/default/pdf.html: -1
[2013-04-15 01:27:46] EDIT Resume_Builder/views/default/pdf.html: 0
[2013-04-15 01:34:29] EDIT Resume_Builder/views/default/pdf.html: 1
[2013-04-15 01:36:53] EDIT Resume_Builder/views/default/pdf.html: 0
[2013-04-15 01:37:17] EDIT Resume_Builder/views/default/pdf.html: 0
[2013-04-15 01:39:28] EDIT Resume_Builder/views/default/pdf.html: 0
[2013-04-15 01:39:50] EDIT Resume_Builder/views/default/pdf.html: 0
[2013-04-15 01:43:30] EDIT Resume_Builder/views/default/pdf.html: 0
[2013-04-15 01:44:36] EDIT Resume_Builder/views/default/pdf.html: 0
[2013-04-15 01:44:58] EDIT Resume_Builder/views/default/pdf.html: 0
[2013-04-15 01:45:13] EDIT Resume_Builder/views/default/pdf.html: 0
[2013-04-15 01:45:41] EDIT Resume_Builder/views/default/pdf.html: 0
[2013-04-15 15:45:24] EDIT Resume_Builder/views/layout.html: 0
[2013-04-15 15:45:52] EDIT Resume_Builder/views/layout.html: 0
[2013-04-15 15:49:38] EDIT Resume_Builder/models/db.py: 0
[2013-04-15 16:47:32] EDIT Resume_Builder/controllers/default.py: 2
[2013-04-15 16:48:16] EDIT Resume_Builder/models/db.py: 0
[2013-04-15 17:17:38] EDIT Resume_Builder/views/layout.html: 1
[2013-04-15 17:21:51] EDIT Resume_Builder/views/layout.html: 0
[2013-04-15 17:22:21] EDIT Resume_Builder/views/layout.html: 0
[2013-04-15 17:25:14] EDIT Resume_Builder/views/layout.html: 0
[2013-04-15 17:25:55] EDIT Resume_Builder/views/layout.html: 0
[2013-04-15 17:31:28] EDIT Resume_Builder/views/layout.html: 9
[2013-04-15 17:32:15] EDIT Resume_Builder/views/layout.html: 0
[2013-04-15 17:32:25] EDIT Resume_Builder/views/layout.html: 0
[2013-04-15 17:32:45] EDIT Resume_Builder/views/layout.html: -1
[2013-04-15 20:00:18] EDIT Resume_Builder/views/layout.html: 0
[2013-04-15 20:00:38] EDIT Resume_Builder/views/layout.html: 0
[2013-04-15 20:04:04] EDIT Resume_Builder/views/layout.html: 0
[2013-04-15 20:05:01] EDIT Resume_Builder/views/layout.html: 0
[2013-04-15 20:05:31] EDIT Resume_Builder/views/layout.html: 0
[2013-04-15 20:06:10] EDIT Resume_Builder/views/layout.html: 0
[2013-04-15 20:06:44] EDIT Resume_Builder/views/layout.html: 0
[2013-04-15 20:07:20] EDIT Resume_Builder/views/layout.html: 0
[2013-04-15 20:09:14] EDIT Resume_Builder/views/layout.html: 0
[2013-04-15 20:09:28] EDIT Resume_Builder/views/layout.html: 0
[2013-04-15 20:09:36] EDIT Resume_Builder/views/layout.html: 0
[2013-04-15 20:10:47] EDIT Resume_Builder/views/layout.html: 0
[2013-04-15 20:11:03] EDIT Resume_Builder/views/layout.html: 0
[2013-04-15 20:12:40] EDIT Resume_Builder/views/layout.html: 0
[2013-04-15 20:15:16] EDIT Resume_Builder/views/layout.html: 0
[2013-04-15 20:21:11] EDIT Resume_Builder/views/layout.html: 2
[2013-04-15 20:23:43] EDIT Resume_Builder/views/layout.html: -1
[2013-04-15 20:34:44] EDIT Resume_Builder/views/layout.html: 0
[2013-04-15 20:35:21] EDIT Resume_Builder/views/layout.html: 0
[2013-04-15 20:43:06] EDIT Resume_Builder/views/layout.html: 0
[2013-04-15 20:43:21] EDIT Resume_Builder/views/layout.html: 0
[2013-04-15 20:43:38] EDIT Resume_Builder/views/layout.html: 0
[2013-04-15 20:44:04] EDIT Resume_Builder/views/layout.html: 0
[2013-04-15 20:52:59] EDIT Resume_Builder/views/layout.html: 0
[2013-04-15 20:57:08] EDIT Resume_Builder/views/layout.html: 0
[2013-04-15 22:20:51] EDIT Resume_Builder/controllers/default.py: 0
[2013-04-15 22:21:09] EDIT Resume_Builder/controllers/default.py: 0
[2013-04-15 22:22:21] EDIT Resume_Builder/controllers/default.py: 1
[2013-04-15 22:23:42] EDIT Resume_Builder/controllers/default.py: 0
[2013-04-15 22:46:00] EDIT Resume_Builder/controllers/default.py: 0
[2013-04-15 22:46:21] EDIT Resume_Builder/controllers/default.py: 0
[2013-04-15 22:48:14] EDIT Resume_Builder/controllers/default.py: 0
[2013-04-15 22:48:35] EDIT Resume_Builder/controllers/default.py: 0
[2013-04-15 23:14:35] EDIT Resume_Builder/views/default/view_msg.html: 0
[2013-04-15 23:25:44] EDIT Resume_Builder/models/db.py: 0
[2013-04-15 23:28:05] EDIT Resume_Builder/models/db.py: 0
[2013-04-15 23:29:29] EDIT Resume_Builder/controllers/default.py: 1
[2013-04-15 23:32:55] EDIT Resume_Builder/controllers/default.py: 0
[2013-04-15 23:33:05] EDIT Resume_Builder/controllers/default.py: 0
[2013-04-15 23:34:00] EDIT Resume_Builder/controllers/default.py: -1
[2013-04-15 23:41:13] EDIT Resume_Builder/controllers/default.py: -2
[2013-04-19 19:50:12] EDIT Nishant/views/layout.html: 0
[2013-04-19 19:52:24] EDIT Nishant/views/layout.html: 0
[2013-04-19 19:54:05] EDIT Nishant/views/layout.html: 0
[2013-04-19 19:55:37] EDIT Nishant/views/layout.html: -1
[2013-04-19 19:55:51] EDIT Nishant/views/layout.html: 0
[2013-04-19 19:56:15] EDIT Nishant/views/layout.html: 0
[2013-04-19 19:56:24] EDIT Nishant/views/layout.html: 0
[2013-04-19 19:57:51] EDIT Nishant/views/layout.html: 0
[2013-04-19 19:57:51] EDIT Nishant/views/layout.html: 0
[2013-04-19 19:58:07] EDIT Nishant/views/layout.html: 0
[2013-04-19 19:58:14] EDIT Nishant/views/layout.html: 0
[2013-04-19 19:58:37] EDIT Nishant/views/layout.html: 1
[2013-04-19 19:58:53] EDIT Nishant/views/layout.html: 0
[2013-04-19 19:59:04] EDIT Nishant/views/layout.html: -1
[2013-04-19 19:59:17] EDIT Nishant/views/layout.html: 0
[2013-04-19 19:59:24] EDIT Nishant/views/layout.html: 0
[2013-04-19 19:59:33] EDIT Nishant/views/layout.html: 0
[2013-04-19 19:59:42] EDIT Nishant/views/layout.html: 0
[2013-04-19 19:59:50] EDIT Nishant/views/layout.html: 0
[2013-04-19 19:59:51] EDIT Nishant/views/layout.html: 0
[2013-04-19 20:02:33] EDIT Nishant/views/layout.html: -1
[2013-04-19 20:03:34] EDIT Nishant/views/layout.html: 0
[2013-04-19 20:03:37] EDIT Nishant/views/layout.html: 0
[2013-04-19 20:04:07] EDIT Nishant/views/layout.html: 0
[2013-04-19 20:04:26] EDIT Nishant/views/layout.html: 0
[2013-04-19 20:04:51] EDIT Nishant/views/layout.html: 0
[2013-04-19 20:04:51] EDIT Nishant/views/layout.html: 0
[2013-04-19 20:04:51] EDIT Nishant/views/layout.html: 0
[2013-04-19 20:04:52] EDIT Nishant/views/layout.html: 0
[2013-04-19 20:04:52] EDIT Nishant/views/layout.html: 0
[2013-04-19 20:04:52] EDIT Nishant/views/layout.html: 0
[2013-04-19 20:05:50] EDIT Nishant/views/layout.html: 0
[2013-04-19 20:05:51] EDIT Nishant/views/layout.html: 0
[2013-04-19 20:05:51] EDIT Nishant/views/layout.html: 0
[2013-04-19 20:05:51] EDIT Nishant/views/layout.html: 0
[2013-04-19 20:05:51] EDIT Nishant/views/layout.html: 0
[2013-04-19 20:05:51] EDIT Nishant/views/layout.html: 0
[2013-04-19 20:08:16] EDIT Nishant/views/default/index.html: 0
[2013-04-19 20:09:56] EDIT Nishant/views/default/index.html: 0
[2013-04-19 20:09:56] EDIT Nishant/views/default/index.html: 0
[2013-04-19 20:09:56] EDIT Nishant/views/default/index.html: 0
[2013-04-19 20:13:34] EDIT Nishant/views/default/index.html: 0
[2013-04-19 20:14:25] EDIT Nishant/views/default/index.html: 0
[2013-04-19 20:21:27] DELETE Nishant/views/somya.html: -153
[2013-04-19 20:22:40] EDIT Nishant/views/layout.html: 0
[2013-04-19 20:22:57] EDIT Nishant/views/layout.html: 0
[2013-04-19 20:23:11] EDIT Nishant/views/layout.html: 0
[2013-04-19 20:23:27] EDIT Nishant/views/layout.html: 1
[2013-04-19 20:23:41] EDIT Nishant/views/layout.html: 0
[2013-04-19 20:23:56] EDIT Nishant/views/layout.html: 0
[2013-04-19 20:24:08] EDIT Nishant/views/layout.html: -1
[2013-04-19 20:24:20] EDIT Nishant/views/layout.html: 0
[2013-04-19 20:24:31] EDIT Nishant/views/layout.html: 0
[2013-04-19 20:24:40] EDIT Nishant/views/layout.html: 0
[2013-04-19 20:25:14] EDIT Nishant/views/layout.html: 0
[2013-04-19 20:25:29] EDIT Nishant/views/layout.html: 0
[2013-04-19 20:26:00] EDIT Nishant/views/default/index.html: 0
[2013-04-19 20:26:10] EDIT Nishant/views/default/index.html: 0
[2013-04-19 20:26:35] EDIT Nishant/views/layout.html: 0
[2013-04-19 20:26:36] EDIT Nishant/views/layout.html: -1
[2013-04-19 20:26:37] EDIT Nishant/views/layout.html: 0
[2013-04-19 20:26:58] EDIT Nishant/views/default/index.html: 1
[2013-04-19 20:27:06] EDIT Nishant/views/default/index.html: 0
[2013-04-19 20:27:19] EDIT Nishant/views/default/index.html: 0
[2013-04-19 20:27:27] EDIT Nishant/views/default/index.html: -1
[2013-04-19 20:28:39] EDIT Nishant/views/default/index.html: 1
[2013-04-19 20:28:40] EDIT Nishant/views/default/index.html: 0
[2013-04-19 20:29:03] EDIT Nishant/views/default/index.html: 0
[2013-04-19 20:30:06] EDIT Nishant/views/default/index.html: 0
[2013-04-19 20:30:37] EDIT Nishant/views/default/index.html: 0
[2013-04-19 20:30:42] EDIT Nishant/views/default/index.html: 0
[2013-04-19 20:31:29] EDIT Nishant/views/default/index.html: 0
[2013-04-19 20:33:17] EDIT Nishant/views/layout.html: 0
[2013-04-19 20:33:25] EDIT Nishant/views/layout.html: 0
[2013-04-19 21:37:44] EDIT Nishant/views/layout.html: 0
[2013-04-19 21:37:46] EDIT Nishant/views/layout.html: 0
[2013-04-19 21:37:47] EDIT Nishant/views/layout.html: 0
[2013-04-19 21:37:47] EDIT Nishant/views/layout.html: 0
[2013-04-19 21:38:07] EDIT Nishant/views/layout.html: 0
[2013-04-19 21:38:34] EDIT Nishant/views/layout.html: 0
[2013-04-20 16:21:12] CREATE default/pdf1.html: 0
[2013-04-20 16:22:35] EDIT backimg/views/default/pdf1.html: 25
[2013-04-20 16:24:35] EDIT backimg/controllers/default.py: 86
[2013-04-20 16:35:41] EDIT backimg/controllers/default.py: 0
[2013-04-20 16:38:09] EDIT backimg/controllers/default.py: 0
[2013-04-20 16:40:29] EDIT backimg/controllers/default.py: 0
[2013-04-20 16:40:44] EDIT backimg/models/menu.py: 0
[2013-04-20 16:41:33] EDIT backimg/models/menu.py: 0
[2013-04-20 16:49:00] EDIT backimg/controllers/default.py: 0
[2013-04-20 16:51:48] EDIT backimg/controllers/default.py: 0
[2013-04-20 16:52:07] EDIT backimg/controllers/default.py: 0
[2013-04-20 16:55:52] EDIT backimg/views/layout_login.html: 0
[2013-04-20 17:00:16] EDIT backimg/views/layout_login.html: 1
[2013-04-20 17:00:36] EDIT backimg/views/layout_login.html: 0
[2013-04-20 17:01:25] EDIT backimg/views/layout_login.html: 0
[2013-04-20 17:02:22] EDIT backimg/views/layout_login.html: -1
[2013-04-20 17:02:34] EDIT backimg/views/layout_login.html: 0
[2013-04-20 17:03:43] EDIT backimg/views/layout_login.html: 1
[2013-04-20 17:08:00] EDIT backimg/views/layout_login.html: -1
[2013-04-20 17:09:38] EDIT backimg/views/layout_login.html: 0
[2013-04-20 17:16:27] EDIT backimg/controllers/default.py: 2
[2013-04-30 13:57:22] EDIT backimg/views/default/view_msg.html: 0
[2013-04-30 13:58:49] EDIT backimg/controllers/default.py: 3
[2013-04-30 14:04:58] EDIT backimg/controllers/default.py: 2
[2013-04-30 14:07:55] EDIT backimg/views/default/view_msg.html: 0
[2013-04-30 14:08:04] EDIT backimg/views/default/view_msg.html: 0
[2013-04-30 14:08:18] EDIT backimg/views/default/view_msg.html: 0
[2013-04-30 14:09:04] EDIT backimg/views/default/view_msg.html: 0
[2013-04-30 14:09:20] EDIT backimg/views/default/view_msg.html: 0
[2013-04-30 14:09:53] EDIT backimg/views/default/view_msg.html: 0
[2013-04-30 14:14:35] EDIT backimg/controllers/default.py: 0
[2013-04-30 14:15:23] EDIT backimg/views/default/view_msg.html: 1
[2013-04-30 15:00:15] EDIT backimg/models/db.py: 1
[2013-04-30 15:01:17] EDIT backimg/controllers/default.py: 1
[2013-04-30 15:03:20] EDIT backimg/views/default/view_msg.html: 0
[2013-04-30 15:05:41] EDIT backimg/controllers/default.py: 0
[2013-04-30 15:05:52] EDIT backimg/controllers/default.py: 0
[2013-04-30 15:06:39] EDIT backimg/models/db.py: 0
[2013-04-30 15:07:14] EDIT backimg/controllers/default.py: 0
[2013-04-30 15:07:42] EDIT backimg/views/default/view_msg.html: 0
[2013-04-30 15:11:57] EDIT backimg/views/default/view_msg.html: 0
[2013-04-30 15:12:26] EDIT backimg/views/default/view_msg.html: 0
[2013-04-30 15:13:23] EDIT backimg/controllers/default.py: 0
[2013-04-30 15:22:07] EDIT backimg/views/default/view_msg.html: -1
[2013-04-30 15:22:08] EDIT backimg/views/default/view_msg.html: 0
[2013-04-30 15:22:08] EDIT backimg/views/default/view_msg.html: 0
[2013-04-30 15:22:08] EDIT backimg/views/default/view_msg.html: 0
[2013-04-30 15:22:09] EDIT backimg/views/default/view_msg.html: 0
[2013-04-30 15:22:09] EDIT backimg/views/default/view_msg.html: 0
[2013-04-30 15:22:09] EDIT backimg/views/default/view_msg.html: 0
[2013-04-30 15:22:09] EDIT backimg/views/default/view_msg.html: 0
[2013-04-30 15:22:09] EDIT backimg/views/default/view_msg.html: 0
[2013-04-30 15:22:09] EDIT backimg/views/default/view_msg.html: 0
[2013-04-30 15:22:48] EDIT backimg/controllers/default.py: 0
[2013-04-30 15:22:49] EDIT backimg/controllers/default.py: 0
[2013-04-30 15:29:06] EDIT backimg/controllers/default.py: 0
[2013-04-30 15:30:11] EDIT backimg/controllers/default.py: 0
[2013-04-30 15:36:41] EDIT backimg/controllers/default.py: 1
[2013-04-30 15:36:42] EDIT backimg/controllers/default.py: 0
[2013-04-30 15:36:42] EDIT backimg/controllers/default.py: 0
[2013-04-30 15:36:43] EDIT backimg/controllers/default.py: 0
[2013-04-30 15:36:43] EDIT backimg/controllers/default.py: 0
[2013-04-30 15:36:43] EDIT backimg/controllers/default.py: 0
[2013-04-30 15:38:14] EDIT backimg/controllers/default.py: 0
[2013-04-30 15:39:22] EDIT backimg/controllers/default.py: 1
[2013-04-30 15:39:23] EDIT backimg/controllers/default.py: 0
[2013-04-30 15:47:31] EDIT backimg/views/default/view_msg.html: 1
[2013-04-30 15:48:08] EDIT backimg/views/default/view_msg.html: 0
[2013-04-30 15:48:09] EDIT backimg/views/default/view_msg.html: 0
[2013-04-30 15:48:09] EDIT backimg/views/default/view_msg.html: 0
[2013-04-30 15:48:09] EDIT backimg/views/default/view_msg.html: 0
[2013-04-30 15:48:10] EDIT backimg/views/default/view_msg.html: 0
[2013-04-30 15:48:10] EDIT backimg/views/default/view_msg.html: 0
[2013-04-30 15:48:10] EDIT backimg/views/default/view_msg.html: 0
[2013-04-30 15:49:01] EDIT backimg/views/default/view_msg.html: 0
[2013-04-30 15:50:06] EDIT backimg/controllers/default.py: 0
[2013-04-30 15:51:10] EDIT backimg/controllers/default.py: 0
[2013-04-30 15:52:39] EDIT backimg/controllers/default.py: 1
[2013-04-30 15:54:07] EDIT backimg/controllers/default.py: 0
[2013-04-30 15:54:08] EDIT backimg/controllers/default.py: 0
[2013-04-30 15:54:58] EDIT backimg/controllers/default.py: -1
[2013-04-30 15:54:59] EDIT backimg/controllers/default.py: 0
[2013-04-30 15:55:19] EDIT backimg/controllers/default.py: 0
[2013-04-30 15:55:48] EDIT backimg/controllers/default.py: 0
[2013-04-30 15:56:09] EDIT backimg/controllers/default.py: 0
[2013-04-30 15:56:11] EDIT backimg/controllers/default.py: 0
[2013-04-30 15:56:29] EDIT backimg/controllers/default.py: 0
[2013-04-30 16:01:29] EDIT backimg/models/db.py: 0
[2013-04-30 16:33:24] EDIT backimg/controllers/default.py: 0
